  Source.cpp
C:\Users\Danila\Desktop\Solutions\Player\Player\Source.cpp(7,5): error C2653: sf: не является именем класса или пространства имен
C:\Users\Danila\Desktop\Solutions\Player\Player\Source.cpp(7,9): error C2065: RenderWindow: необъявленный идентификатор
C:\Users\Danila\Desktop\Solutions\Player\Player\Source.cpp(7,22): error C2146: синтаксическая ошибка: отсутствие ";" перед идентификатором "window"
C:\Users\Danila\Desktop\Solutions\Player\Player\Source.cpp(7,29): error C2653: sf: не является именем класса или пространства имен
C:\Users\Danila\Desktop\Solutions\Player\Player\Source.cpp(7,33): error C3861: VideoMode: идентификатор не найден
C:\Users\Danila\Desktop\Solutions\Player\Player\Source.cpp(7,22): error C3861: window: идентификатор не найден
C:\Users\Danila\Desktop\Solutions\Player\Player\Source.cpp(9,5): error C2653: sf: не является именем класса или пространства имен
C:\Users\Danila\Desktop\Solutions\Player\Player\Source.cpp(9,9): error C2065: Texture: необъявленный идентификатор
C:\Users\Danila\Desktop\Solutions\Player\Player\Source.cpp(9,17): error C2146: синтаксическая ошибка: отсутствие ";" перед идентификатором "texture"
C:\Users\Danila\Desktop\Solutions\Player\Player\Source.cpp(9,17): error C2065: texture: необъявленный идентификатор
C:\Users\Danila\Desktop\Solutions\Player\Player\Source.cpp(10,10): error C2065: texture: необъявленный идентификатор
C:\Users\Danila\Desktop\Solutions\Player\Player\Source.cpp(11,16): error C2065: EXIT_FAILURE: необъявленный идентификатор
C:\Users\Danila\Desktop\Solutions\Player\Player\Source.cpp(12,5): error C2653: sf: не является именем класса или пространства имен
C:\Users\Danila\Desktop\Solutions\Player\Player\Source.cpp(12,9): error C2065: Sprite: необъявленный идентификатор
C:\Users\Danila\Desktop\Solutions\Player\Player\Source.cpp(12,16): error C2146: синтаксическая ошибка: отсутствие ";" перед идентификатором "sprite"
C:\Users\Danila\Desktop\Solutions\Player\Player\Source.cpp(12,23): error C2065: texture: необъявленный идентификатор
C:\Users\Danila\Desktop\Solutions\Player\Player\Source.cpp(12,16): error C3861: sprite: идентификатор не найден
C:\Users\Danila\Desktop\Solutions\Player\Player\Source.cpp(14,5): error C2653: sf: не является именем класса или пространства имен
C:\Users\Danila\Desktop\Solutions\Player\Player\Source.cpp(14,9): error C2065: Font: необъявленный идентификатор
C:\Users\Danila\Desktop\Solutions\Player\Player\Source.cpp(14,14): error C2146: синтаксическая ошибка: отсутствие ";" перед идентификатором "font"
C:\Users\Danila\Desktop\Solutions\Player\Player\Source.cpp(14,14): error C2065: font: необъявленный идентификатор
C:\Users\Danila\Desktop\Solutions\Player\Player\Source.cpp(15,10): error C2065: font: необъявленный идентификатор
C:\Users\Danila\Desktop\Solutions\Player\Player\Source.cpp(16,16): error C2065: EXIT_FAILURE: необъявленный идентификатор
C:\Users\Danila\Desktop\Solutions\Player\Player\Source.cpp(17,5): error C2653: sf: не является именем класса или пространства имен
C:\Users\Danila\Desktop\Solutions\Player\Player\Source.cpp(17,9): error C2065: Text: необъявленный идентификатор
C:\Users\Danila\Desktop\Solutions\Player\Player\Source.cpp(17,14): error C2146: синтаксическая ошибка: отсутствие ";" перед идентификатором "text"
C:\Users\Danila\Desktop\Solutions\Player\Player\Source.cpp(17,33): error C2065: font: необъявленный идентификатор
C:\Users\Danila\Desktop\Solutions\Player\Player\Source.cpp(17,14): error C3861: text: идентификатор не найден
C:\Users\Danila\Desktop\Solutions\Player\Player\Source.cpp(19,5): error C2653: sf: не является именем класса или пространства имен
C:\Users\Danila\Desktop\Solutions\Player\Player\Source.cpp(19,9): error C2065: Music: необъявленный идентификатор
C:\Users\Danila\Desktop\Solutions\Player\Player\Source.cpp(19,15): error C2146: синтаксическая ошибка: отсутствие ";" перед идентификатором "music"
C:\Users\Danila\Desktop\Solutions\Player\Player\Source.cpp(19,15): error C2065: music: необъявленный идентификатор
C:\Users\Danila\Desktop\Solutions\Player\Player\Source.cpp(20,10): error C2065: music: необъявленный идентификатор
C:\Users\Danila\Desktop\Solutions\Player\Player\Source.cpp(21,16): error C2065: EXIT_FAILURE: необъявленный идентификатор
C:\Users\Danila\Desktop\Solutions\Player\Player\Source.cpp(23,5): error C2065: music: необъявленный идентификатор
C:\Users\Danila\Desktop\Solutions\Player\Player\Source.cpp(25,12): error C2065: window: необъявленный идентификатор
C:\Users\Danila\Desktop\Solutions\Player\Player\Source.cpp(28,9): error C2653: sf: не является именем класса или пространства имен
C:\Users\Danila\Desktop\Solutions\Player\Player\Source.cpp(28,13): error C2065: Event: необъявленный идентификатор
C:\Users\Danila\Desktop\Solutions\Player\Player\Source.cpp(28,19): error C2146: синтаксическая ошибка: отсутствие ";" перед идентификатором "event"
C:\Users\Danila\Desktop\Solutions\Player\Player\Source.cpp(28,19): error C2065: event: необъявленный идентификатор
C:\Users\Danila\Desktop\Solutions\Player\Player\Source.cpp(29,16): error C2065: window: необъявленный идентификатор
C:\Users\Danila\Desktop\Solutions\Player\Player\Source.cpp(29,33): error C2065: event: необъявленный идентификатор
C:\Users\Danila\Desktop\Solutions\Player\Player\Source.cpp(32,17): error C2065: event: необъявленный идентификатор
C:\Users\Danila\Desktop\Solutions\Player\Player\Source.cpp(32,31): error C2653: sf: не является именем класса или пространства имен
C:\Users\Danila\Desktop\Solutions\Player\Player\Source.cpp(32,42): error C2065: Closed: необъявленный идентификатор
C:\Users\Danila\Desktop\Solutions\Player\Player\Source.cpp(33,17): error C2065: window: необъявленный идентификатор
C:\Users\Danila\Desktop\Solutions\Player\Player\Source.cpp(36,9): error C2065: window: необъявленный идентификатор
C:\Users\Danila\Desktop\Solutions\Player\Player\Source.cpp(38,9): error C2065: window: необъявленный идентификатор
C:\Users\Danila\Desktop\Solutions\Player\Player\Source.cpp(38,21): error C2065: sprite: необъявленный идентификатор
C:\Users\Danila\Desktop\Solutions\Player\Player\Source.cpp(40,9): error C2065: window: необъявленный идентификатор
C:\Users\Danila\Desktop\Solutions\Player\Player\Source.cpp(40,21): error C2065: text: необъявленный идентификатор
C:\Users\Danila\Desktop\Solutions\Player\Player\Source.cpp(42,9): error C2065: window: необъявленный идентификатор
C:\Users\Danila\Desktop\Solutions\Player\Player\Source.cpp(44,12): error C2065: EXIT_SUCCESS: необъявленный идентификатор
